<?xml version="1.0" encoding="UTF-8"?>
<testng-results ignored="0" total="1" passed="1" failed="0" skipped="0">
  <reporter-output>
  </reporter-output>
  <suite started-at="2025-05-29T08:05:44 PST" name="Surefire suite" finished-at="2025-05-29T08:06:01 PST" duration-ms="17581">
    <groups>
    </groups>
    <test started-at="2025-05-29T08:05:44 PST" name="Surefire test" finished-at="2025-05-29T08:06:01 PST" duration-ms="17581">
      <class name="part1.FirstSeleniumTest">
        <test-method is-config="true" signature="setUp()[pri:0, instance:part1.FirstSeleniumTest@1cab0bfb]" started-at="2025-05-29T08:05:44 PST" name="setUp" finished-at="2025-05-29T08:05:52 PST" duration-ms="8060" status="PASS">
          <reporter-output>
          </reporter-output>
        </test-method> <!-- setUp -->
        <test-method signature="testLoggingIntoApplication()[pri:0, instance:part1.FirstSeleniumTest@1cab0bfb]" started-at="2025-05-29T08:05:52 PST" name="testLoggingIntoApplication" finished-at="2025-05-29T08:06:01 PST" duration-ms="9486" status="PASS">
          <reporter-output>
          </reporter-output>
        </test-method> <!-- testLoggingIntoApplication -->
        <test-method is-config="true" signature="tearDown()[pri:0, instance:part1.FirstSeleniumTest@1cab0bfb]" started-at="2025-05-29T08:06:01 PST" name="tearDown" finished-at="2025-05-29T08:06:01 PST" duration-ms="0" status="PASS">
          <reporter-output>
          </reporter-output>
        </test-method> <!-- tearDown -->
      </class> <!-- part1.FirstSeleniumTest -->
    </test> <!-- Surefire test -->
  </suite> <!-- Surefire suite -->
</testng-results>
