<?xml version="1.0" encoding="UTF-8"?>
<testng-results ignored="0" total="1" passed="1" failed="0" skipped="0">
  <reporter-output>
  </reporter-output>
  <suite started-at="2025-06-05T16:00:34 PST" name="Surefire suite" finished-at="2025-06-05T16:00:49 PST" duration-ms="14933">
    <groups>
    </groups>
    <test started-at="2025-06-05T16:00:34 PST" name="Surefire test" finished-at="2025-06-05T16:00:49 PST" duration-ms="14933">
      <class name="part3_4.com.demoqa.tests.part3.elements.WebTableTest">
        <test-method is-config="true" signature="setUp()[pri:0, instance:part3_4.com.demoqa.tests.part3.elements.WebTableTest@140e5a13]" started-at="2025-06-05T16:00:34 PST" name="setUp" finished-at="2025-06-05T16:00:39 PST" duration-ms="4286" status="PASS">
          <reporter-output>
          </reporter-output>
        </test-method> <!-- setUp -->
        <test-method is-config="true" signature="loadApplication()[pri:0, instance:part3_4.com.demoqa.tests.part3.elements.WebTableTest@140e5a13]" started-at="2025-06-05T16:00:39 PST" name="loadApplication" finished-at="2025-06-05T16:00:43 PST" duration-ms="4731" status="PASS">
          <reporter-output>
          </reporter-output>
        </test-method> <!-- loadApplication -->
        <test-method signature="testWebTable()[pri:0, instance:part3_4.com.demoqa.tests.part3.elements.WebTableTest@140e5a13]" started-at="2025-06-05T16:00:43 PST" name="testWebTable" finished-at="2025-06-05T16:00:45 PST" duration-ms="1107" status="PASS">
          <reporter-output>
          </reporter-output>
        </test-method> <!-- testWebTable -->
        <test-method is-config="true" signature="tearDown()[pri:0, instance:part3_4.com.demoqa.tests.part3.elements.WebTableTest@140e5a13]" started-at="2025-06-05T16:00:45 PST" name="tearDown" finished-at="2025-06-05T16:00:49 PST" duration-ms="4774" status="PASS">
          <reporter-output>
          </reporter-output>
        </test-method> <!-- tearDown -->
      </class> <!-- part3_4.com.demoqa.tests.part3.elements.WebTableTest -->
    </test> <!-- Surefire test -->
  </suite> <!-- Surefire suite -->
</testng-results>
